Using pre-set license
Built from '2020.3/staging' branch; Version is '2020.3.10f1 (297d780c91bc) revision 2719096'; Using compiler version '192528614'; Build Type 'Release'
OS: 'Windows 10 Home; OS build 19042.1288; Version 2009; 64bit' Language: 'ko' Physical Memory: 7993 MB
BatchMode: 1, IsHumanControllingUs: 0, StartBugReporterOnCrash: 0, Is64bit: 1, IsPro: 0

 COMMAND LINE ARGUMENTS:
C:\Program Files\Unity\Hub\Editor\2020.3.10f1\Editor\Unity.exe
-adb2
-batchMode
-noUpm
-name
AssetImportWorker0
-projectPath
C:/Users/user/OneDrive/문서/GitHub/Rowing_Rush/RowingRush
-logFile
Logs/AssetImportWorker0.log
-srvPort
59665
Successfully changed project path to: C:/Users/user/OneDrive/문서/GitHub/Rowing_Rush/RowingRush
C:/Users/user/OneDrive/문서/GitHub/Rowing_Rush/RowingRush
Using Asset Import Pipeline V2.
Refreshing native plugins compatible for Editor in 266.31 ms, found 5 plugins.
Preloading 1 native plugins for Editor in 7.20 ms.
Initialize engine version: 2020.3.10f1 (297d780c91bc)
[Subsystems] Discovering subsystems at path C:/Program Files/Unity/Hub/Editor/2020.3.10f1/Editor/Data/Resources/UnitySubsystems
[Subsystems] Discovering subsystems at path C:/Users/user/OneDrive/문서/GitHub/Rowing_Rush/RowingRush/Assets
GfxDevice: creating device client; threaded=0
Direct3D:
    Version:  Direct3D 11.0 [level 11.1]
    Renderer: Intel(R) UHD Graphics (ID=0x9b41)
    Vendor:   
    VRAM:     3996 MB
    Driver:   27.20.100.9079
Shader 'Universal Render Pipeline/Particles/Lit': fallback shader 'Universal Render Pipeline/Particles/SimpleLit' not found
Initialize mono
Mono path[0] = 'C:/Program Files/Unity/Hub/Editor/2020.3.10f1/Editor/Data/Managed'
Mono path[1] = 'C:/Program Files/Unity/Hub/Editor/2020.3.10f1/Editor/Data/MonoBleedingEdge/lib/mono/unityjit'
Mono config path = 'C:/Program Files/Unity/Hub/Editor/2020.3.10f1/Editor/Data/MonoBleedingEdge/etc'
Using monoOptions --debugger-agent=transport=dt_socket,embedding=1,server=y,suspend=n,address=127.0.0.1:56268
Begin MonoManager ReloadAssembly
Registering precompiled unity dll's ...
Register platform support module: C:/Program Files/Unity/Hub/Editor/2020.3.10f1/Editor/Data/PlaybackEngines/WebGLSupport/UnityEditor.WebGL.Extensions.dll
Register platform support module: C:/Program Files/Unity/Hub/Editor/2020.3.10f1/Editor/Data/PlaybackEngines/WindowsStandaloneSupport/UnityEditor.WindowsStandalone.Extensions.dll
Registered in 0.007170 seconds.
Native extension for WindowsStandalone target not found
Native extension for WebGL target not found
Refreshing native plugins compatible for Editor in 208.43 ms, found 5 plugins.
Preloading 1 native plugins for Editor in 0.60 ms.
Mono: successfully reloaded assembly
- Completed reload, in 10.676 seconds
Platform modules already initialized, skipping
Registering precompiled user dll's ...
Registered in 0.042849 seconds.
Begin MonoManager ReloadAssembly
Native extension for WindowsStandalone target not found
Native extension for WebGL target not found
Refreshing native plugins compatible for Editor in 181.92 ms, found 5 plugins.
Preloading 1 native plugins for Editor in 0.40 ms.
[XR] OculusXRPlugin: registering subsystems
[XR] Unable to register display lifecyle provider: [1]
[XR] Oculus Input lifecycle provider registered.
[XR] Unable to register input lifecyle provider: [1]
NullReferenceException: Object reference not set to an instance of an object
  at Unity.XR.Oculus.OculusLoader.AssetPathToAbsolutePath (System.String assetPath) [0x00048] in C:\Users\user\OneDrive\문서\GitHub\Rowing_Rush\RowingRush\Library\PackageCache\com.unity.xr.oculus@1.9.1\Runtime\OculusLoader.cs:249 
  at Unity.XR.Oculus.OculusLoader.EditorLoadOVRPlugin () [0x0007b] in C:\Users\user\OneDrive\문서\GitHub\Rowing_Rush\RowingRush\Library\PackageCache\com.unity.xr.oculus@1.9.1\Runtime\OculusLoader.cs:234 

(Filename: Library/PackageCache/com.unity.xr.oculus@1.9.1/Runtime/OculusLoader.cs Line: 249)

Mono: successfully reloaded assembly
- Completed reload, in  4.484 seconds
Platform modules already initialized, skipping
========================================================================
Worker process is ready to serve import requests
Shader 'Universal Render Pipeline/Particles/Lit': fallback shader 'Universal Render Pipeline/Particles/SimpleLit' not found
Launched and connected shader compiler UnityShaderCompiler.exe after 0.17 seconds
Refreshing native plugins compatible for Editor in 1.55 ms, found 5 plugins.
Preloading 1 native plugins for Editor in 0.35 ms.
Unloading 3433 Unused Serialized files (Serialized files now loaded: 0)
System memory in use before: 156.4 MB.
System memory in use after: 102.1 MB.

Unloading 40 unused Assets to reduce memory usage. Loaded Objects now: 3856.
Total: 14.691000 ms (FindLiveObjects: 0.824900 ms CreateObjectMapping: 0.455300 ms MarkObjects: 12.484800 ms  DeleteObjects: 0.921800 ms)

========================================================================
Received Prepare
Registering precompiled user dll's ...
Registered in 0.038882 seconds.
Begin MonoManager ReloadAssembly
Native extension for WindowsStandalone target not found
Native extension for WebGL target not found
Refreshing native plugins compatible for Editor in 1.93 ms, found 5 plugins.
Preloading 1 native plugins for Editor in 0.36 ms.
NullReferenceException: Object reference not set to an instance of an object
  at Unity.XR.Oculus.OculusLoader.AssetPathToAbsolutePath (System.String assetPath) [0x00048] in C:\Users\user\OneDrive\문서\GitHub\Rowing_Rush\RowingRush\Library\PackageCache\com.unity.xr.oculus@1.9.1\Runtime\OculusLoader.cs:249 
  at Unity.XR.Oculus.OculusLoader.EditorLoadOVRPlugin () [0x0007b] in C:\Users\user\OneDrive\문서\GitHub\Rowing_Rush\RowingRush\Library\PackageCache\com.unity.xr.oculus@1.9.1\Runtime\OculusLoader.cs:234 

(Filename: Library/PackageCache/com.unity.xr.oculus@1.9.1/Runtime/OculusLoader.cs Line: 249)

Mono: successfully reloaded assembly
- Completed reload, in  2.971 seconds
Platform modules already initialized, skipping
Shader 'Universal Render Pipeline/Particles/Lit': fallback shader 'Universal Render Pipeline/Particles/SimpleLit' not found
Refreshing native plugins compatible for Editor in 1.98 ms, found 5 plugins.
Preloading 1 native plugins for Editor in 0.41 ms.
Unloading 3309 Unused Serialized files (Serialized files now loaded: 0)
System memory in use before: 149.1 MB.
System memory in use after: 148.6 MB.

Unloading 33 unused Assets to reduce memory usage. Loaded Objects now: 3859.
Total: 9.878500 ms (FindLiveObjects: 0.725200 ms CreateObjectMapping: 0.407500 ms MarkObjects: 7.464300 ms  DeleteObjects: 1.277300 ms)

========================================================================
Received Prepare
Registering precompiled user dll's ...
Registered in 0.037710 seconds.
Begin MonoManager ReloadAssembly
Native extension for WindowsStandalone target not found
Native extension for WebGL target not found
Refreshing native plugins compatible for Editor in 1.72 ms, found 5 plugins.
Preloading 1 native plugins for Editor in 0.36 ms.
NullReferenceException: Object reference not set to an instance of an object
  at Unity.XR.Oculus.OculusLoader.AssetPathToAbsolutePath (System.String assetPath) [0x00048] in C:\Users\user\OneDrive\문서\GitHub\Rowing_Rush\RowingRush\Library\PackageCache\com.unity.xr.oculus@1.9.1\Runtime\OculusLoader.cs:249 
  at Unity.XR.Oculus.OculusLoader.EditorLoadOVRPlugin () [0x0007b] in C:\Users\user\OneDrive\문서\GitHub\Rowing_Rush\RowingRush\Library\PackageCache\com.unity.xr.oculus@1.9.1\Runtime\OculusLoader.cs:234 

(Filename: Library/PackageCache/com.unity.xr.oculus@1.9.1/Runtime/OculusLoader.cs Line: 249)

Mono: successfully reloaded assembly
- Completed reload, in  2.981 seconds
Platform modules already initialized, skipping
Shader 'Universal Render Pipeline/Particles/Lit': fallback shader 'Universal Render Pipeline/Particles/SimpleLit' not found
Refreshing native plugins compatible for Editor in 1.78 ms, found 5 plugins.
Preloading 1 native plugins for Editor in 0.35 ms.
Unloading 3309 Unused Serialized files (Serialized files now loaded: 0)
System memory in use before: 149.1 MB.
System memory in use after: 148.7 MB.

Unloading 33 unused Assets to reduce memory usage. Loaded Objects now: 3862.
Total: 8.084700 ms (FindLiveObjects: 0.725900 ms CreateObjectMapping: 0.398800 ms MarkObjects: 5.474400 ms  DeleteObjects: 1.482900 ms)

========================================================================
Received Prepare
Registering precompiled user dll's ...
Registered in 0.047131 seconds.
Begin MonoManager ReloadAssembly
Native extension for WindowsStandalone target not found
Native extension for WebGL target not found
Refreshing native plugins compatible for Editor in 1.35 ms, found 5 plugins.
Preloading 1 native plugins for Editor in 0.39 ms.
NullReferenceException: Object reference not set to an instance of an object
  at Unity.XR.Oculus.OculusLoader.AssetPathToAbsolutePath (System.String assetPath) [0x00048] in C:\Users\user\OneDrive\문서\GitHub\Rowing_Rush\RowingRush\Library\PackageCache\com.unity.xr.oculus@1.9.1\Runtime\OculusLoader.cs:249 
  at Unity.XR.Oculus.OculusLoader.EditorLoadOVRPlugin () [0x0007b] in C:\Users\user\OneDrive\문서\GitHub\Rowing_Rush\RowingRush\Library\PackageCache\com.unity.xr.oculus@1.9.1\Runtime\OculusLoader.cs:234 

(Filename: Library/PackageCache/com.unity.xr.oculus@1.9.1/Runtime/OculusLoader.cs Line: 249)

Mono: successfully reloaded assembly
- Completed reload, in  5.223 seconds
Platform modules already initialized, skipping
Shader 'Universal Render Pipeline/Particles/Lit': fallback shader 'Universal Render Pipeline/Particles/SimpleLit' not found
Refreshing native plugins compatible for Editor in 3.85 ms, found 5 plugins.
Preloading 1 native plugins for Editor in 0.72 ms.
Unloading 3309 Unused Serialized files (Serialized files now loaded: 0)
System memory in use before: 149.2 MB.
System memory in use after: 148.8 MB.

Unloading 33 unused Assets to reduce memory usage. Loaded Objects now: 3865.
Total: 15.188000 ms (FindLiveObjects: 1.018900 ms CreateObjectMapping: 0.629600 ms MarkObjects: 11.651900 ms  DeleteObjects: 1.882700 ms)

========================================================================
Received Prepare
Registering precompiled user dll's ...
Registered in 0.048005 seconds.
Begin MonoManager ReloadAssembly
Native extension for WindowsStandalone target not found
Native extension for WebGL target not found
Refreshing native plugins compatible for Editor in 2.75 ms, found 5 plugins.
Preloading 1 native plugins for Editor in 1.31 ms.
NullReferenceException: Object reference not set to an instance of an object
  at Unity.XR.Oculus.OculusLoader.AssetPathToAbsolutePath (System.String assetPath) [0x00048] in C:\Users\user\OneDrive\문서\GitHub\Rowing_Rush\RowingRush\Library\PackageCache\com.unity.xr.oculus@1.9.1\Runtime\OculusLoader.cs:249 
  at Unity.XR.Oculus.OculusLoader.EditorLoadOVRPlugin () [0x0007b] in C:\Users\user\OneDrive\문서\GitHub\Rowing_Rush\RowingRush\Library\PackageCache\com.unity.xr.oculus@1.9.1\Runtime\OculusLoader.cs:234 

(Filename: Library/PackageCache/com.unity.xr.oculus@1.9.1/Runtime/OculusLoader.cs Line: 249)

Mono: successfully reloaded assembly
- Completed reload, in  5.783 seconds
Platform modules already initialized, skipping
Shader 'Universal Render Pipeline/Particles/Lit': fallback shader 'Universal Render Pipeline/Particles/SimpleLit' not found
Refreshing native plugins compatible for Editor in 1.50 ms, found 5 plugins.
Preloading 1 native plugins for Editor in 0.42 ms.
Unloading 3309 Unused Serialized files (Serialized files now loaded: 0)
System memory in use before: 149.2 MB.
System memory in use after: 148.8 MB.

Unloading 33 unused Assets to reduce memory usage. Loaded Objects now: 3868.
Total: 13.280300 ms (FindLiveObjects: 1.191200 ms CreateObjectMapping: 0.858500 ms MarkObjects: 10.198900 ms  DeleteObjects: 1.027600 ms)

========================================================================
Received Prepare
Registering precompiled user dll's ...
Registered in 0.047184 seconds.
Begin MonoManager ReloadAssembly
Native extension for WindowsStandalone target not found
Native extension for WebGL target not found
Refreshing native plugins compatible for Editor in 1.78 ms, found 5 plugins.
Preloading 1 native plugins for Editor in 0.38 ms.
NullReferenceException: Object reference not set to an instance of an object
  at Unity.XR.Oculus.OculusLoader.AssetPathToAbsolutePath (System.String assetPath) [0x00048] in C:\Users\user\OneDrive\문서\GitHub\Rowing_Rush\RowingRush\Library\PackageCache\com.unity.xr.oculus@1.9.1\Runtime\OculusLoader.cs:249 
  at Unity.XR.Oculus.OculusLoader.EditorLoadOVRPlugin () [0x0007b] in C:\Users\user\OneDrive\문서\GitHub\Rowing_Rush\RowingRush\Library\PackageCache\com.unity.xr.oculus@1.9.1\Runtime\OculusLoader.cs:234 

(Filename: Library/PackageCache/com.unity.xr.oculus@1.9.1/Runtime/OculusLoader.cs Line: 249)

Mono: successfully reloaded assembly
- Completed reload, in  5.018 seconds
Platform modules already initialized, skipping
Shader 'Universal Render Pipeline/Particles/Lit': fallback shader 'Universal Render Pipeline/Particles/SimpleLit' not found
Refreshing native plugins compatible for Editor in 3.38 ms, found 5 plugins.
Preloading 1 native plugins for Editor in 0.64 ms.
Unloading 3309 Unused Serialized files (Serialized files now loaded: 0)
System memory in use before: 149.2 MB.
System memory in use after: 148.8 MB.

Unloading 33 unused Assets to reduce memory usage. Loaded Objects now: 3871.
Total: 27.245000 ms (FindLiveObjects: 5.976300 ms CreateObjectMapping: 1.660300 ms MarkObjects: 13.908600 ms  DeleteObjects: 5.691900 ms)

========================================================================
Received Prepare
Registering precompiled user dll's ...
Registered in 0.047954 seconds.
Begin MonoManager ReloadAssembly
Native extension for WindowsStandalone target not found
Native extension for WebGL target not found
Refreshing native plugins compatible for Editor in 1.40 ms, found 5 plugins.
Preloading 1 native plugins for Editor in 0.38 ms.
NullReferenceException: Object reference not set to an instance of an object
  at Unity.XR.Oculus.OculusLoader.AssetPathToAbsolutePath (System.String assetPath) [0x00048] in C:\Users\user\OneDrive\문서\GitHub\Rowing_Rush\RowingRush\Library\PackageCache\com.unity.xr.oculus@1.9.1\Runtime\OculusLoader.cs:249 
  at Unity.XR.Oculus.OculusLoader.EditorLoadOVRPlugin () [0x0007b] in C:\Users\user\OneDrive\문서\GitHub\Rowing_Rush\RowingRush\Library\PackageCache\com.unity.xr.oculus@1.9.1\Runtime\OculusLoader.cs:234 

(Filename: Library/PackageCache/com.unity.xr.oculus@1.9.1/Runtime/OculusLoader.cs Line: 249)

Mono: successfully reloaded assembly
- Completed reload, in  3.081 seconds
Platform modules already initialized, skipping
Shader 'Universal Render Pipeline/Particles/Lit': fallback shader 'Universal Render Pipeline/Particles/SimpleLit' not found
Refreshing native plugins compatible for Editor in 1.77 ms, found 5 plugins.
Preloading 1 native plugins for Editor in 0.35 ms.
Unloading 3309 Unused Serialized files (Serialized files now loaded: 0)
System memory in use before: 149.4 MB.
System memory in use after: 148.9 MB.

Unloading 33 unused Assets to reduce memory usage. Loaded Objects now: 3874.
Total: 7.039100 ms (FindLiveObjects: 0.602200 ms CreateObjectMapping: 0.380800 ms MarkObjects: 5.410300 ms  DeleteObjects: 0.643500 ms)

========================================================================
Received Prepare
Registering precompiled user dll's ...
Registered in 0.048137 seconds.
Begin MonoManager ReloadAssembly
Native extension for WindowsStandalone target not found
Native extension for WebGL target not found
Refreshing native plugins compatible for Editor in 1.94 ms, found 5 plugins.
Preloading 1 native plugins for Editor in 0.36 ms.
NullReferenceException: Object reference not set to an instance of an object
  at Unity.XR.Oculus.OculusLoader.AssetPathToAbsolutePath (System.String assetPath) [0x00048] in C:\Users\user\OneDrive\문서\GitHub\Rowing_Rush\RowingRush\Library\PackageCache\com.unity.xr.oculus@1.9.1\Runtime\OculusLoader.cs:249 
  at Unity.XR.Oculus.OculusLoader.EditorLoadOVRPlugin () [0x0007b] in C:\Users\user\OneDrive\문서\GitHub\Rowing_Rush\RowingRush\Library\PackageCache\com.unity.xr.oculus@1.9.1\Runtime\OculusLoader.cs:234 

(Filename: Library/PackageCache/com.unity.xr.oculus@1.9.1/Runtime/OculusLoader.cs Line: 249)

Mono: successfully reloaded assembly
- Completed reload, in  3.125 seconds
Platform modules already initialized, skipping
Shader 'Universal Render Pipeline/Particles/Lit': fallback shader 'Universal Render Pipeline/Particles/SimpleLit' not found
Refreshing native plugins compatible for Editor in 1.10 ms, found 5 plugins.
Preloading 1 native plugins for Editor in 0.28 ms.
Unloading 3309 Unused Serialized files (Serialized files now loaded: 0)
System memory in use before: 149.4 MB.
System memory in use after: 149.0 MB.

Unloading 33 unused Assets to reduce memory usage. Loaded Objects now: 3877.
Total: 7.715800 ms (FindLiveObjects: 0.661900 ms CreateObjectMapping: 0.388700 ms MarkObjects: 5.922200 ms  DeleteObjects: 0.740200 ms)

========================================================================
Received Prepare
Registering precompiled user dll's ...
Registered in 0.049773 seconds.
Begin MonoManager ReloadAssembly
Native extension for WindowsStandalone target not found
Native extension for WebGL target not found
Refreshing native plugins compatible for Editor in 1.09 ms, found 5 plugins.
Preloading 1 native plugins for Editor in 0.29 ms.
NullReferenceException: Object reference not set to an instance of an object
  at Unity.XR.Oculus.OculusLoader.AssetPathToAbsolutePath (System.String assetPath) [0x00048] in C:\Users\user\OneDrive\문서\GitHub\Rowing_Rush\RowingRush\Library\PackageCache\com.unity.xr.oculus@1.9.1\Runtime\OculusLoader.cs:249 
  at Unity.XR.Oculus.OculusLoader.EditorLoadOVRPlugin () [0x0007b] in C:\Users\user\OneDrive\문서\GitHub\Rowing_Rush\RowingRush\Library\PackageCache\com.unity.xr.oculus@1.9.1\Runtime\OculusLoader.cs:234 

(Filename: Library/PackageCache/com.unity.xr.oculus@1.9.1/Runtime/OculusLoader.cs Line: 249)

Mono: successfully reloaded assembly
- Completed reload, in  2.827 seconds
Platform modules already initialized, skipping
Shader 'Universal Render Pipeline/Particles/Lit': fallback shader 'Universal Render Pipeline/Particles/SimpleLit' not found
Refreshing native plugins compatible for Editor in 1.11 ms, found 5 plugins.
Preloading 1 native plugins for Editor in 0.31 ms.
Unloading 3309 Unused Serialized files (Serialized files now loaded: 0)
System memory in use before: 149.4 MB.
System memory in use after: 149.0 MB.

Unloading 33 unused Assets to reduce memory usage. Loaded Objects now: 3880.
Total: 8.070000 ms (FindLiveObjects: 0.829300 ms CreateObjectMapping: 0.455100 ms MarkObjects: 5.999700 ms  DeleteObjects: 0.783100 ms)

========================================================================
Received Prepare
Registering precompiled user dll's ...
Registered in 0.035339 seconds.
Begin MonoManager ReloadAssembly
Native extension for WindowsStandalone target not found
Native extension for WebGL target not found
Refreshing native plugins compatible for Editor in 1.24 ms, found 5 plugins.
Preloading 1 native plugins for Editor in 0.32 ms.
NullReferenceException: Object reference not set to an instance of an object
  at Unity.XR.Oculus.OculusLoader.AssetPathToAbsolutePath (System.String assetPath) [0x00048] in C:\Users\user\OneDrive\문서\GitHub\Rowing_Rush\RowingRush\Library\PackageCache\com.unity.xr.oculus@1.9.1\Runtime\OculusLoader.cs:249 
  at Unity.XR.Oculus.OculusLoader.EditorLoadOVRPlugin () [0x0007b] in C:\Users\user\OneDrive\문서\GitHub\Rowing_Rush\RowingRush\Library\PackageCache\com.unity.xr.oculus@1.9.1\Runtime\OculusLoader.cs:234 

(Filename: Library/PackageCache/com.unity.xr.oculus@1.9.1/Runtime/OculusLoader.cs Line: 249)

Mono: successfully reloaded assembly
- Completed reload, in  4.134 seconds
Platform modules already initialized, skipping
Shader 'Universal Render Pipeline/Particles/Lit': fallback shader 'Universal Render Pipeline/Particles/SimpleLit' not found
Refreshing native plugins compatible for Editor in 1.06 ms, found 5 plugins.
Preloading 1 native plugins for Editor in 0.29 ms.
Unloading 3309 Unused Serialized files (Serialized files now loaded: 0)
System memory in use before: 149.4 MB.
System memory in use after: 148.9 MB.

Unloading 33 unused Assets to reduce memory usage. Loaded Objects now: 3883.
Total: 8.223400 ms (FindLiveObjects: 0.701000 ms CreateObjectMapping: 0.379000 ms MarkObjects: 6.421000 ms  DeleteObjects: 0.719700 ms)

========================================================================
Received Prepare
Registering precompiled user dll's ...
Registered in 0.049603 seconds.
Begin MonoManager ReloadAssembly
Native extension for WindowsStandalone target not found
Native extension for WebGL target not found
Refreshing native plugins compatible for Editor in 1.11 ms, found 5 plugins.
Preloading 1 native plugins for Editor in 0.28 ms.
NullReferenceException: Object reference not set to an instance of an object
  at Unity.XR.Oculus.OculusLoader.AssetPathToAbsolutePath (System.String assetPath) [0x00048] in C:\Users\user\OneDrive\문서\GitHub\Rowing_Rush\RowingRush\Library\PackageCache\com.unity.xr.oculus@1.9.1\Runtime\OculusLoader.cs:249 
  at Unity.XR.Oculus.OculusLoader.EditorLoadOVRPlugin () [0x0007b] in C:\Users\user\OneDrive\문서\GitHub\Rowing_Rush\RowingRush\Library\PackageCache\com.unity.xr.oculus@1.9.1\Runtime\OculusLoader.cs:234 

(Filename: Library/PackageCache/com.unity.xr.oculus@1.9.1/Runtime/OculusLoader.cs Line: 249)

Mono: successfully reloaded assembly
- Completed reload, in  2.837 seconds
Platform modules already initialized, skipping
Shader 'Universal Render Pipeline/Particles/Lit': fallback shader 'Universal Render Pipeline/Particles/SimpleLit' not found
Refreshing native plugins compatible for Editor in 1.05 ms, found 5 plugins.
Preloading 1 native plugins for Editor in 0.27 ms.
Unloading 3309 Unused Serialized files (Serialized files now loaded: 0)
System memory in use before: 149.4 MB.
System memory in use after: 149.0 MB.

Unloading 33 unused Assets to reduce memory usage. Loaded Objects now: 3886.
Total: 6.565800 ms (FindLiveObjects: 0.553100 ms CreateObjectMapping: 0.345400 ms MarkObjects: 5.017200 ms  DeleteObjects: 0.647800 ms)

========================================================================
Received Prepare
Registering precompiled user dll's ...
Registered in 0.125699 seconds.
Begin MonoManager ReloadAssembly
Native extension for WindowsStandalone target not found
Native extension for WebGL target not found
Refreshing native plugins compatible for Editor in 1.51 ms, found 5 plugins.
Preloading 1 native plugins for Editor in 0.39 ms.
NullReferenceException: Object reference not set to an instance of an object
  at Unity.XR.Oculus.OculusLoader.AssetPathToAbsolutePath (System.String assetPath) [0x00048] in C:\Users\user\OneDrive\문서\GitHub\Rowing_Rush\RowingRush\Library\PackageCache\com.unity.xr.oculus@1.9.1\Runtime\OculusLoader.cs:249 
  at Unity.XR.Oculus.OculusLoader.EditorLoadOVRPlugin () [0x0007b] in C:\Users\user\OneDrive\문서\GitHub\Rowing_Rush\RowingRush\Library\PackageCache\com.unity.xr.oculus@1.9.1\Runtime\OculusLoader.cs:234 

(Filename: Library/PackageCache/com.unity.xr.oculus@1.9.1/Runtime/OculusLoader.cs Line: 249)

Mono: successfully reloaded assembly
- Completed reload, in  3.308 seconds
Platform modules already initialized, skipping
Shader 'Universal Render Pipeline/Particles/Lit': fallback shader 'Universal Render Pipeline/Particles/SimpleLit' not found
Refreshing native plugins compatible for Editor in 1.55 ms, found 5 plugins.
Preloading 1 native plugins for Editor in 0.34 ms.
Unloading 3309 Unused Serialized files (Serialized files now loaded: 0)
System memory in use before: 149.4 MB.
System memory in use after: 149.0 MB.

Unloading 33 unused Assets to reduce memory usage. Loaded Objects now: 3889.
Total: 5.589300 ms (FindLiveObjects: 0.526100 ms CreateObjectMapping: 0.446600 ms MarkObjects: 4.046600 ms  DeleteObjects: 0.567900 ms)

========================================================================
Received Prepare
Registering precompiled user dll's ...
Registered in 0.034221 seconds.
Begin MonoManager ReloadAssembly
Native extension for WindowsStandalone target not found
Native extension for WebGL target not found
Refreshing native plugins compatible for Editor in 1.10 ms, found 5 plugins.
Preloading 1 native plugins for Editor in 0.27 ms.
NullReferenceException: Object reference not set to an instance of an object
  at Unity.XR.Oculus.OculusLoader.AssetPathToAbsolutePath (System.String assetPath) [0x00048] in C:\Users\user\OneDrive\문서\GitHub\Rowing_Rush\RowingRush\Library\PackageCache\com.unity.xr.oculus@1.9.1\Runtime\OculusLoader.cs:249 
  at Unity.XR.Oculus.OculusLoader.EditorLoadOVRPlugin () [0x0007b] in C:\Users\user\OneDrive\문서\GitHub\Rowing_Rush\RowingRush\Library\PackageCache\com.unity.xr.oculus@1.9.1\Runtime\OculusLoader.cs:234 

(Filename: Library/PackageCache/com.unity.xr.oculus@1.9.1/Runtime/OculusLoader.cs Line: 249)

Mono: successfully reloaded assembly
- Completed reload, in  2.766 seconds
Platform modules already initialized, skipping
Shader 'Universal Render Pipeline/Particles/Lit': fallback shader 'Universal Render Pipeline/Particles/SimpleLit' not found
Refreshing native plugins compatible for Editor in 1.05 ms, found 5 plugins.
Preloading 1 native plugins for Editor in 0.30 ms.
Unloading 3309 Unused Serialized files (Serialized files now loaded: 0)
System memory in use before: 149.4 MB.
System memory in use after: 149.0 MB.

Unloading 33 unused Assets to reduce memory usage. Loaded Objects now: 3892.
Total: 6.183400 ms (FindLiveObjects: 0.673700 ms CreateObjectMapping: 0.349200 ms MarkObjects: 4.406500 ms  DeleteObjects: 0.751600 ms)

========================================================================
Received Import Request.
  path: Assets/Scenes/Ranking.unity
  artifactKey: Guid(d71861a762f9d0f45a4b8730b9c4c5fd) Importer(815301076,1909f56bfc062723c751e8b465ee728b)
Start importing Assets/Scenes/Ranking.unity using Guid(d71861a762f9d0f45a4b8730b9c4c5fd) Importer(815301076,1909f56bfc062723c751e8b465ee728b)  -> (artifact id: 'fb4135ff171771bdc253b5e7722a9107') in 0.052271 seconds
  Import took 0.062690 seconds .

========================================================================
Received Prepare
Registering precompiled user dll's ...
Registered in 0.035513 seconds.
Begin MonoManager ReloadAssembly
Native extension for WindowsStandalone target not found
Native extension for WebGL target not found
Refreshing native plugins compatible for Editor in 1.13 ms, found 5 plugins.
Preloading 1 native plugins for Editor in 0.29 ms.
NullReferenceException: Object reference not set to an instance of an object
  at Unity.XR.Oculus.OculusLoader.AssetPathToAbsolutePath (System.String assetPath) [0x00048] in C:\Users\user\OneDrive\문서\GitHub\Rowing_Rush\RowingRush\Library\PackageCache\com.unity.xr.oculus@1.9.1\Runtime\OculusLoader.cs:249 
  at Unity.XR.Oculus.OculusLoader.EditorLoadOVRPlugin () [0x0007b] in C:\Users\user\OneDrive\문서\GitHub\Rowing_Rush\RowingRush\Library\PackageCache\com.unity.xr.oculus@1.9.1\Runtime\OculusLoader.cs:234 

(Filename: Library/PackageCache/com.unity.xr.oculus@1.9.1/Runtime/OculusLoader.cs Line: 249)

Mono: successfully reloaded assembly
- Completed reload, in  3.151 seconds
Platform modules already initialized, skipping
Shader 'Universal Render Pipeline/Particles/Lit': fallback shader 'Universal Render Pipeline/Particles/SimpleLit' not found
Refreshing native plugins compatible for Editor in 2.30 ms, found 5 plugins.
Preloading 1 native plugins for Editor in 0.51 ms.
Unloading 3309 Unused Serialized files (Serialized files now loaded: 0)
System memory in use before: 149.4 MB.
System memory in use after: 149.0 MB.

Unloading 33 unused Assets to reduce memory usage. Loaded Objects now: 3895.
Total: 9.771000 ms (FindLiveObjects: 0.796100 ms CreateObjectMapping: 0.822900 ms MarkObjects: 7.276000 ms  DeleteObjects: 0.873000 ms)

========================================================================
Received Prepare
Registering precompiled user dll's ...
Registered in 0.038495 seconds.
Begin MonoManager ReloadAssembly
Native extension for WindowsStandalone target not found
Native extension for WebGL target not found
Refreshing native plugins compatible for Editor in 1.10 ms, found 5 plugins.
Preloading 1 native plugins for Editor in 0.35 ms.
NullReferenceException: Object reference not set to an instance of an object
  at Unity.XR.Oculus.OculusLoader.AssetPathToAbsolutePath (System.String assetPath) [0x00048] in C:\Users\user\OneDrive\문서\GitHub\Rowing_Rush\RowingRush\Library\PackageCache\com.unity.xr.oculus@1.9.1\Runtime\OculusLoader.cs:249 
  at Unity.XR.Oculus.OculusLoader.EditorLoadOVRPlugin () [0x0007b] in C:\Users\user\OneDrive\문서\GitHub\Rowing_Rush\RowingRush\Library\PackageCache\com.unity.xr.oculus@1.9.1\Runtime\OculusLoader.cs:234 

(Filename: Library/PackageCache/com.unity.xr.oculus@1.9.1/Runtime/OculusLoader.cs Line: 249)

Mono: successfully reloaded assembly
- Completed reload, in  3.092 seconds
Platform modules already initialized, skipping
Shader 'Universal Render Pipeline/Particles/Lit': fallback shader 'Universal Render Pipeline/Particles/SimpleLit' not found
Refreshing native plugins compatible for Editor in 3.62 ms, found 5 plugins.
Preloading 1 native plugins for Editor in 1.29 ms.
Unloading 3309 Unused Serialized files (Serialized files now loaded: 0)
System memory in use before: 149.4 MB.
System memory in use after: 149.0 MB.

Unloading 33 unused Assets to reduce memory usage. Loaded Objects now: 3898.
Total: 41.647000 ms (FindLiveObjects: 4.711800 ms CreateObjectMapping: 7.635700 ms MarkObjects: 27.056800 ms  DeleteObjects: 2.213400 ms)

========================================================================
Received Prepare
Registering precompiled user dll's ...
Registered in 0.037751 seconds.
Begin MonoManager ReloadAssembly
Native extension for WindowsStandalone target not found
Native extension for WebGL target not found
Refreshing native plugins compatible for Editor in 2.00 ms, found 5 plugins.
Preloading 1 native plugins for Editor in 0.37 ms.
NullReferenceException: Object reference not set to an instance of an object
  at Unity.XR.Oculus.OculusLoader.AssetPathToAbsolutePath (System.String assetPath) [0x00048] in C:\Users\user\OneDrive\문서\GitHub\Rowing_Rush\RowingRush\Library\PackageCache\com.unity.xr.oculus@1.9.1\Runtime\OculusLoader.cs:249 
  at Unity.XR.Oculus.OculusLoader.EditorLoadOVRPlugin () [0x0007b] in C:\Users\user\OneDrive\문서\GitHub\Rowing_Rush\RowingRush\Library\PackageCache\com.unity.xr.oculus@1.9.1\Runtime\OculusLoader.cs:234 

(Filename: Library/PackageCache/com.unity.xr.oculus@1.9.1/Runtime/OculusLoader.cs Line: 249)

Mono: successfully reloaded assembly
- Completed reload, in  3.411 seconds
Platform modules already initialized, skipping
Shader 'Universal Render Pipeline/Particles/Lit': fallback shader 'Universal Render Pipeline/Particles/SimpleLit' not found
Refreshing native plugins compatible for Editor in 2.64 ms, found 5 plugins.
Preloading 1 native plugins for Editor in 0.34 ms.
Unloading 3309 Unused Serialized files (Serialized files now loaded: 0)
System memory in use before: 149.5 MB.
System memory in use after: 149.0 MB.

Unloading 33 unused Assets to reduce memory usage. Loaded Objects now: 3901.
Total: 7.739100 ms (FindLiveObjects: 1.050800 ms CreateObjectMapping: 0.732100 ms MarkObjects: 5.133500 ms  DeleteObjects: 0.819800 ms)

========================================================================
Received Prepare
Registering precompiled user dll's ...
Registered in 0.036104 seconds.
Begin MonoManager ReloadAssembly
Native extension for WindowsStandalone target not found
Native extension for WebGL target not found
Refreshing native plugins compatible for Editor in 1.19 ms, found 5 plugins.
Preloading 1 native plugins for Editor in 0.34 ms.
NullReferenceException: Object reference not set to an instance of an object
  at Unity.XR.Oculus.OculusLoader.AssetPathToAbsolutePath (System.String assetPath) [0x00048] in C:\Users\user\OneDrive\문서\GitHub\Rowing_Rush\RowingRush\Library\PackageCache\com.unity.xr.oculus@1.9.1\Runtime\OculusLoader.cs:249 
  at Unity.XR.Oculus.OculusLoader.EditorLoadOVRPlugin () [0x0007b] in C:\Users\user\OneDrive\문서\GitHub\Rowing_Rush\RowingRush\Library\PackageCache\com.unity.xr.oculus@1.9.1\Runtime\OculusLoader.cs:234 

(Filename: Library/PackageCache/com.unity.xr.oculus@1.9.1/Runtime/OculusLoader.cs Line: 249)

Mono: successfully reloaded assembly
- Completed reload, in  2.685 seconds
Platform modules already initialized, skipping
Shader 'Universal Render Pipeline/Particles/Lit': fallback shader 'Universal Render Pipeline/Particles/SimpleLit' not found
Refreshing native plugins compatible for Editor in 1.12 ms, found 5 plugins.
Preloading 1 native plugins for Editor in 0.27 ms.
Unloading 3309 Unused Serialized files (Serialized files now loaded: 0)
System memory in use before: 149.5 MB.
System memory in use after: 149.0 MB.

Unloading 33 unused Assets to reduce memory usage. Loaded Objects now: 3904.
Total: 8.200500 ms (FindLiveObjects: 0.668100 ms CreateObjectMapping: 0.372800 ms MarkObjects: 6.342500 ms  DeleteObjects: 0.801500 ms)

========================================================================
Received Prepare
Registering precompiled user dll's ...
Registered in 0.038148 seconds.
Begin MonoManager ReloadAssembly
Native extension for WindowsStandalone target not found
Native extension for WebGL target not found
Refreshing native plugins compatible for Editor in 1.66 ms, found 5 plugins.
Preloading 1 native plugins for Editor in 0.38 ms.
NullReferenceException: Object reference not set to an instance of an object
  at Unity.XR.Oculus.OculusLoader.AssetPathToAbsolutePath (System.String assetPath) [0x00048] in C:\Users\user\OneDrive\문서\GitHub\Rowing_Rush\RowingRush\Library\PackageCache\com.unity.xr.oculus@1.9.1\Runtime\OculusLoader.cs:249 
  at Unity.XR.Oculus.OculusLoader.EditorLoadOVRPlugin () [0x0007b] in C:\Users\user\OneDrive\문서\GitHub\Rowing_Rush\RowingRush\Library\PackageCache\com.unity.xr.oculus@1.9.1\Runtime\OculusLoader.cs:234 

(Filename: Library/PackageCache/com.unity.xr.oculus@1.9.1/Runtime/OculusLoader.cs Line: 249)

Mono: successfully reloaded assembly
- Completed reload, in  3.310 seconds
Platform modules already initialized, skipping
Shader 'Universal Render Pipeline/Particles/Lit': fallback shader 'Universal Render Pipeline/Particles/SimpleLit' not found
Refreshing native plugins compatible for Editor in 2.02 ms, found 5 plugins.
Preloading 1 native plugins for Editor in 0.46 ms.
Unloading 3309 Unused Serialized files (Serialized files now loaded: 0)
System memory in use before: 149.5 MB.
System memory in use after: 149.0 MB.

Unloading 33 unused Assets to reduce memory usage. Loaded Objects now: 3907.
Total: 13.929000 ms (FindLiveObjects: 0.531700 ms CreateObjectMapping: 0.428800 ms MarkObjects: 11.060000 ms  DeleteObjects: 1.905600 ms)

========================================================================
Received Prepare
Registering precompiled user dll's ...
Registered in 0.043776 seconds.
Begin MonoManager ReloadAssembly
Native extension for WindowsStandalone target not found
Native extension for WebGL target not found
Refreshing native plugins compatible for Editor in 1.10 ms, found 5 plugins.
Preloading 1 native plugins for Editor in 0.30 ms.
NullReferenceException: Object reference not set to an instance of an object
  at Unity.XR.Oculus.OculusLoader.AssetPathToAbsolutePath (System.String assetPath) [0x00048] in C:\Users\user\OneDrive\문서\GitHub\Rowing_Rush\RowingRush\Library\PackageCache\com.unity.xr.oculus@1.9.1\Runtime\OculusLoader.cs:249 
  at Unity.XR.Oculus.OculusLoader.EditorLoadOVRPlugin () [0x0007b] in C:\Users\user\OneDrive\문서\GitHub\Rowing_Rush\RowingRush\Library\PackageCache\com.unity.xr.oculus@1.9.1\Runtime\OculusLoader.cs:234 

(Filename: Library/PackageCache/com.unity.xr.oculus@1.9.1/Runtime/OculusLoader.cs Line: 249)

Mono: successfully reloaded assembly
- Completed reload, in  2.911 seconds
Platform modules already initialized, skipping
Shader 'Universal Render Pipeline/Particles/Lit': fallback shader 'Universal Render Pipeline/Particles/SimpleLit' not found
Refreshing native plugins compatible for Editor in 1.44 ms, found 5 plugins.
Preloading 1 native plugins for Editor in 0.34 ms.
Unloading 3309 Unused Serialized files (Serialized files now loaded: 0)
System memory in use before: 149.5 MB.
System memory in use after: 149.0 MB.

Unloading 33 unused Assets to reduce memory usage. Loaded Objects now: 3910.
Total: 7.435000 ms (FindLiveObjects: 0.688800 ms CreateObjectMapping: 0.364700 ms MarkObjects: 5.654500 ms  DeleteObjects: 0.723100 ms)

========================================================================
Received Prepare
Registering precompiled user dll's ...
Registered in 0.065603 seconds.
Begin MonoManager ReloadAssembly
Native extension for WindowsStandalone target not found
Native extension for WebGL target not found
Refreshing native plugins compatible for Editor in 1.25 ms, found 5 plugins.
Preloading 1 native plugins for Editor in 0.34 ms.
NullReferenceException: Object reference not set to an instance of an object
  at Unity.XR.Oculus.OculusLoader.AssetPathToAbsolutePath (System.String assetPath) [0x00048] in C:\Users\user\OneDrive\문서\GitHub\Rowing_Rush\RowingRush\Library\PackageCache\com.unity.xr.oculus@1.9.1\Runtime\OculusLoader.cs:249 
  at Unity.XR.Oculus.OculusLoader.EditorLoadOVRPlugin () [0x0007b] in C:\Users\user\OneDrive\문서\GitHub\Rowing_Rush\RowingRush\Library\PackageCache\com.unity.xr.oculus@1.9.1\Runtime\OculusLoader.cs:234 

(Filename: Library/PackageCache/com.unity.xr.oculus@1.9.1/Runtime/OculusLoader.cs Line: 249)

Mono: successfully reloaded assembly
- Completed reload, in  2.675 seconds
Platform modules already initialized, skipping
Shader 'Universal Render Pipeline/Particles/Lit': fallback shader 'Universal Render Pipeline/Particles/SimpleLit' not found
Refreshing native plugins compatible for Editor in 1.93 ms, found 5 plugins.
Preloading 1 native plugins for Editor in 0.28 ms.
Unloading 3309 Unused Serialized files (Serialized files now loaded: 0)
System memory in use before: 149.5 MB.
System memory in use after: 149.0 MB.

Unloading 33 unused Assets to reduce memory usage. Loaded Objects now: 3913.
Total: 10.613600 ms (FindLiveObjects: 0.691100 ms CreateObjectMapping: 0.384400 ms MarkObjects: 8.723500 ms  DeleteObjects: 0.811900 ms)

========================================================================
Received Prepare
Registering precompiled user dll's ...
Registered in 0.037836 seconds.
Begin MonoManager ReloadAssembly
Native extension for WindowsStandalone target not found
Native extension for WebGL target not found
Refreshing native plugins compatible for Editor in 1.09 ms, found 5 plugins.
Preloading 1 native plugins for Editor in 0.31 ms.
NullReferenceException: Object reference not set to an instance of an object
  at Unity.XR.Oculus.OculusLoader.AssetPathToAbsolutePath (System.String assetPath) [0x00048] in C:\Users\user\OneDrive\문서\GitHub\Rowing_Rush\RowingRush\Library\PackageCache\com.unity.xr.oculus@1.9.1\Runtime\OculusLoader.cs:249 
  at Unity.XR.Oculus.OculusLoader.EditorLoadOVRPlugin () [0x0007b] in C:\Users\user\OneDrive\문서\GitHub\Rowing_Rush\RowingRush\Library\PackageCache\com.unity.xr.oculus@1.9.1\Runtime\OculusLoader.cs:234 

(Filename: Library/PackageCache/com.unity.xr.oculus@1.9.1/Runtime/OculusLoader.cs Line: 249)

Mono: successfully reloaded assembly
- Completed reload, in  2.885 seconds
Platform modules already initialized, skipping
Shader 'Universal Render Pipeline/Particles/Lit': fallback shader 'Universal Render Pipeline/Particles/SimpleLit' not found
Refreshing native plugins compatible for Editor in 3.39 ms, found 5 plugins.
Preloading 1 native plugins for Editor in 1.03 ms.
Unloading 3309 Unused Serialized files (Serialized files now loaded: 0)
System memory in use before: 149.5 MB.
System memory in use after: 149.1 MB.

Unloading 33 unused Assets to reduce memory usage. Loaded Objects now: 3916.
Total: 24.887900 ms (FindLiveObjects: 2.679500 ms CreateObjectMapping: 1.801300 ms MarkObjects: 18.961900 ms  DeleteObjects: 1.439400 ms)

========================================================================
Received Prepare
Registering precompiled user dll's ...
Registered in 0.037760 seconds.
Begin MonoManager ReloadAssembly
Native extension for WindowsStandalone target not found
Native extension for WebGL target not found
Refreshing native plugins compatible for Editor in 1.68 ms, found 5 plugins.
Preloading 1 native plugins for Editor in 0.39 ms.
NullReferenceException: Object reference not set to an instance of an object
  at Unity.XR.Oculus.OculusLoader.AssetPathToAbsolutePath (System.String assetPath) [0x00048] in C:\Users\user\OneDrive\문서\GitHub\Rowing_Rush\RowingRush\Library\PackageCache\com.unity.xr.oculus@1.9.1\Runtime\OculusLoader.cs:249 
  at Unity.XR.Oculus.OculusLoader.EditorLoadOVRPlugin () [0x0007b] in C:\Users\user\OneDrive\문서\GitHub\Rowing_Rush\RowingRush\Library\PackageCache\com.unity.xr.oculus@1.9.1\Runtime\OculusLoader.cs:234 

(Filename: Library/PackageCache/com.unity.xr.oculus@1.9.1/Runtime/OculusLoader.cs Line: 249)

Mono: successfully reloaded assembly
- Completed reload, in  3.387 seconds
Platform modules already initialized, skipping
Shader 'Universal Render Pipeline/Particles/Lit': fallback shader 'Universal Render Pipeline/Particles/SimpleLit' not found
Refreshing native plugins compatible for Editor in 7.75 ms, found 5 plugins.
Preloading 1 native plugins for Editor in 1.73 ms.
Unloading 3309 Unused Serialized files (Serialized files now loaded: 0)
System memory in use before: 149.5 MB.
System memory in use after: 149.1 MB.

Unloading 33 unused Assets to reduce memory usage. Loaded Objects now: 3919.
Total: 105.248300 ms (FindLiveObjects: 27.223900 ms CreateObjectMapping: 25.767000 ms MarkObjects: 50.815900 ms  DeleteObjects: 1.434900 ms)

========================================================================
Received Prepare
Registering precompiled user dll's ...
Registered in 0.036734 seconds.
Begin MonoManager ReloadAssembly
Native extension for WindowsStandalone target not found
Native extension for WebGL target not found
Refreshing native plugins compatible for Editor in 1.00 ms, found 5 plugins.
Preloading 1 native plugins for Editor in 0.30 ms.
NullReferenceException: Object reference not set to an instance of an object
  at Unity.XR.Oculus.OculusLoader.AssetPathToAbsolutePath (System.String assetPath) [0x00048] in C:\Users\user\OneDrive\문서\GitHub\Rowing_Rush\RowingRush\Library\PackageCache\com.unity.xr.oculus@1.9.1\Runtime\OculusLoader.cs:249 
  at Unity.XR.Oculus.OculusLoader.EditorLoadOVRPlugin () [0x0007b] in C:\Users\user\OneDrive\문서\GitHub\Rowing_Rush\RowingRush\Library\PackageCache\com.unity.xr.oculus@1.9.1\Runtime\OculusLoader.cs:234 

(Filename: Library/PackageCache/com.unity.xr.oculus@1.9.1/Runtime/OculusLoader.cs Line: 249)

Mono: successfully reloaded assembly
- Completed reload, in  2.641 seconds
Platform modules already initialized, skipping
Shader 'Universal Render Pipeline/Particles/Lit': fallback shader 'Universal Render Pipeline/Particles/SimpleLit' not found
Refreshing native plugins compatible for Editor in 1.02 ms, found 5 plugins.
Preloading 1 native plugins for Editor in 0.27 ms.
Unloading 3309 Unused Serialized files (Serialized files now loaded: 0)
System memory in use before: 149.5 MB.
System memory in use after: 149.1 MB.

Unloading 33 unused Assets to reduce memory usage. Loaded Objects now: 3922.
Total: 5.084800 ms (FindLiveObjects: 0.472600 ms CreateObjectMapping: 0.256800 ms MarkObjects: 3.876600 ms  DeleteObjects: 0.476700 ms)

========================================================================
Received Prepare
Registering precompiled user dll's ...
Registered in 0.040246 seconds.
Begin MonoManager ReloadAssembly
Native extension for WindowsStandalone target not found
Native extension for WebGL target not found
Refreshing native plugins compatible for Editor in 1.54 ms, found 5 plugins.
Preloading 1 native plugins for Editor in 0.40 ms.
NullReferenceException: Object reference not set to an instance of an object
  at Unity.XR.Oculus.OculusLoader.AssetPathToAbsolutePath (System.String assetPath) [0x00048] in C:\Users\user\OneDrive\문서\GitHub\Rowing_Rush\RowingRush\Library\PackageCache\com.unity.xr.oculus@1.9.1\Runtime\OculusLoader.cs:249 
  at Unity.XR.Oculus.OculusLoader.EditorLoadOVRPlugin () [0x0007b] in C:\Users\user\OneDrive\문서\GitHub\Rowing_Rush\RowingRush\Library\PackageCache\com.unity.xr.oculus@1.9.1\Runtime\OculusLoader.cs:234 

(Filename: Library/PackageCache/com.unity.xr.oculus@1.9.1/Runtime/OculusLoader.cs Line: 249)

Mono: successfully reloaded assembly
- Completed reload, in  3.262 seconds
Platform modules already initialized, skipping
Shader 'Universal Render Pipeline/Particles/Lit': fallback shader 'Universal Render Pipeline/Particles/SimpleLit' not found
Refreshing native plugins compatible for Editor in 2.38 ms, found 5 plugins.
Preloading 1 native plugins for Editor in 0.58 ms.
Unloading 3309 Unused Serialized files (Serialized files now loaded: 0)
System memory in use before: 149.5 MB.
System memory in use after: 149.1 MB.

Unloading 33 unused Assets to reduce memory usage. Loaded Objects now: 3925.
Total: 30.358800 ms (FindLiveObjects: 3.276600 ms CreateObjectMapping: 7.003100 ms MarkObjects: 18.022100 ms  DeleteObjects: 2.048100 ms)

========================================================================
Received Prepare
Registering precompiled user dll's ...
Registered in 0.037832 seconds.
Begin MonoManager ReloadAssembly
Native extension for WindowsStandalone target not found
Native extension for WebGL target not found
Refreshing native plugins compatible for Editor in 0.79 ms, found 5 plugins.
Preloading 1 native plugins for Editor in 0.20 ms.
NullReferenceException: Object reference not set to an instance of an object
  at Unity.XR.Oculus.OculusLoader.AssetPathToAbsolutePath (System.String assetPath) [0x00048] in C:\Users\user\OneDrive\문서\GitHub\Rowing_Rush\RowingRush\Library\PackageCache\com.unity.xr.oculus@1.9.1\Runtime\OculusLoader.cs:249 
  at Unity.XR.Oculus.OculusLoader.EditorLoadOVRPlugin () [0x0007b] in C:\Users\user\OneDrive\문서\GitHub\Rowing_Rush\RowingRush\Library\PackageCache\com.unity.xr.oculus@1.9.1\Runtime\OculusLoader.cs:234 

(Filename: Library/PackageCache/com.unity.xr.oculus@1.9.1/Runtime/OculusLoader.cs Line: 249)

Mono: successfully reloaded assembly
- Completed reload, in  3.742 seconds
Platform modules already initialized, skipping
Shader 'Universal Render Pipeline/Particles/Lit': fallback shader 'Universal Render Pipeline/Particles/SimpleLit' not found
Refreshing native plugins compatible for Editor in 13.11 ms, found 5 plugins.
Preloading 1 native plugins for Editor in 1.37 ms.
Unloading 3309 Unused Serialized files (Serialized files now loaded: 0)
System memory in use before: 149.5 MB.
System memory in use after: 149.1 MB.

Unloading 33 unused Assets to reduce memory usage. Loaded Objects now: 3928.
Total: 70.505600 ms (FindLiveObjects: 1.525700 ms CreateObjectMapping: 5.543500 ms MarkObjects: 62.149300 ms  DeleteObjects: 1.284000 ms)

AssetImportWorkerClient::OnTransportError - code=2 error=End of file
