Using pre-set license
Built from '2020.3/staging' branch; Version is '2020.3.10f1 (297d780c91bc) revision 2719096'; Using compiler version '192528614'; Build Type 'Release'
OS: 'Windows 10 Home; OS build 19042.1288; Version 2009; 64bit' Language: 'ko' Physical Memory: 7993 MB
BatchMode: 1, IsHumanControllingUs: 0, StartBugReporterOnCrash: 0, Is64bit: 1, IsPro: 0

 COMMAND LINE ARGUMENTS:
C:\Program Files\Unity\Hub\Editor\2020.3.10f1\Editor\Unity.exe
-adb2
-batchMode
-noUpm
-name
AssetImportWorker5
-projectPath
C:/Users/user/OneDrive/문서/GitHub/Rowing_Rush/RowingRush
-logFile
Logs/AssetImportWorker5.log
-srvPort
63345
Successfully changed project path to: C:/Users/user/OneDrive/문서/GitHub/Rowing_Rush/RowingRush
C:/Users/user/OneDrive/문서/GitHub/Rowing_Rush/RowingRush
Using Asset Import Pipeline V2.
Refreshing native plugins compatible for Editor in 171.83 ms, found 5 plugins.
Preloading 1 native plugins for Editor in 2.70 ms.
Initialize engine version: 2020.3.10f1 (297d780c91bc)
[Subsystems] Discovering subsystems at path C:/Program Files/Unity/Hub/Editor/2020.3.10f1/Editor/Data/Resources/UnitySubsystems
[Subsystems] Discovering subsystems at path C:/Users/user/OneDrive/문서/GitHub/Rowing_Rush/RowingRush/Assets
GfxDevice: creating device client; threaded=0
Direct3D:
    Version:  Direct3D 11.0 [level 11.1]
    Renderer: Intel(R) UHD Graphics (ID=0x9b41)
    Vendor:   
    VRAM:     3996 MB
    Driver:   27.20.100.9079
Shader 'Universal Render Pipeline/Particles/Lit': fallback shader 'Universal Render Pipeline/Particles/SimpleLit' not found
Initialize mono
Mono path[0] = 'C:/Program Files/Unity/Hub/Editor/2020.3.10f1/Editor/Data/Managed'
Mono path[1] = 'C:/Program Files/Unity/Hub/Editor/2020.3.10f1/Editor/Data/MonoBleedingEdge/lib/mono/unityjit'
Mono config path = 'C:/Program Files/Unity/Hub/Editor/2020.3.10f1/Editor/Data/MonoBleedingEdge/etc'
Using monoOptions --debugger-agent=transport=dt_socket,embedding=1,server=y,suspend=n,address=127.0.0.1:56468
Begin MonoManager ReloadAssembly
Registering precompiled unity dll's ...
Register platform support module: C:/Program Files/Unity/Hub/Editor/2020.3.10f1/Editor/Data/PlaybackEngines/WebGLSupport/UnityEditor.WebGL.Extensions.dll
Register platform support module: C:/Program Files/Unity/Hub/Editor/2020.3.10f1/Editor/Data/PlaybackEngines/WindowsStandaloneSupport/UnityEditor.WindowsStandalone.Extensions.dll
Registered in 0.004745 seconds.
Native extension for WindowsStandalone target not found
Native extension for WebGL target not found
Refreshing native plugins compatible for Editor in 96.44 ms, found 5 plugins.
Preloading 1 native plugins for Editor in 0.33 ms.
Mono: successfully reloaded assembly
- Completed reload, in  4.288 seconds
Platform modules already initialized, skipping
Registering precompiled user dll's ...
Registered in 0.027013 seconds.
Begin MonoManager ReloadAssembly
Native extension for WindowsStandalone target not found
Native extension for WebGL target not found
Refreshing native plugins compatible for Editor in 110.60 ms, found 5 plugins.
Preloading 1 native plugins for Editor in 0.22 ms.
[XR] OculusXRPlugin: registering subsystems
[XR] Unable to register display lifecyle provider: [1]
[XR] Oculus Input lifecycle provider registered.
[XR] Unable to register input lifecyle provider: [1]
NullReferenceException: Object reference not set to an instance of an object
  at Unity.XR.Oculus.OculusLoader.AssetPathToAbsolutePath (System.String assetPath) [0x00048] in C:\Users\user\OneDrive\문서\GitHub\Rowing_Rush\RowingRush\Library\PackageCache\com.unity.xr.oculus@1.9.1\Runtime\OculusLoader.cs:249 
  at Unity.XR.Oculus.OculusLoader.EditorLoadOVRPlugin () [0x0007b] in C:\Users\user\OneDrive\문서\GitHub\Rowing_Rush\RowingRush\Library\PackageCache\com.unity.xr.oculus@1.9.1\Runtime\OculusLoader.cs:234 

(Filename: Library/PackageCache/com.unity.xr.oculus@1.9.1/Runtime/OculusLoader.cs Line: 249)

Mono: successfully reloaded assembly
- Completed reload, in  2.766 seconds
Platform modules already initialized, skipping
========================================================================
Worker process is ready to serve import requests
Shader 'Universal Render Pipeline/Particles/Lit': fallback shader 'Universal Render Pipeline/Particles/SimpleLit' not found
Launched and connected shader compiler UnityShaderCompiler.exe after 0.10 seconds
Refreshing native plugins compatible for Editor in 0.92 ms, found 5 plugins.
Preloading 1 native plugins for Editor in 0.27 ms.
Unloading 3433 Unused Serialized files (Serialized files now loaded: 0)
System memory in use before: 156.4 MB.
System memory in use after: 102.1 MB.

Unloading 40 unused Assets to reduce memory usage. Loaded Objects now: 3856.
Total: 9.064800 ms (FindLiveObjects: 0.733100 ms CreateObjectMapping: 0.408000 ms MarkObjects: 7.465900 ms  DeleteObjects: 0.455600 ms)

========================================================================
Received Import Request.
  path: Assets/Scenes/login.unity
  artifactKey: Guid(901723d60ddbd7a44ac388caa67032d1) Importer(815301076,1909f56bfc062723c751e8b465ee728b)
Start importing Assets/Scenes/login.unity using Guid(901723d60ddbd7a44ac388caa67032d1) Importer(815301076,1909f56bfc062723c751e8b465ee728b)  -> (artifact id: 'afc58186b6e07d72266a40a098357800') in 0.045721 seconds
  Import took 0.053596 seconds .

========================================================================
Received Prepare
Registering precompiled user dll's ...
Registered in 0.080171 seconds.
Begin MonoManager ReloadAssembly
Native extension for WindowsStandalone target not found
Native extension for WebGL target not found
Refreshing native plugins compatible for Editor in 1.13 ms, found 5 plugins.
Preloading 1 native plugins for Editor in 0.30 ms.
NullReferenceException: Object reference not set to an instance of an object
  at Unity.XR.Oculus.OculusLoader.AssetPathToAbsolutePath (System.String assetPath) [0x00048] in C:\Users\user\OneDrive\문서\GitHub\Rowing_Rush\RowingRush\Library\PackageCache\com.unity.xr.oculus@1.9.1\Runtime\OculusLoader.cs:249 
  at Unity.XR.Oculus.OculusLoader.EditorLoadOVRPlugin () [0x0007b] in C:\Users\user\OneDrive\문서\GitHub\Rowing_Rush\RowingRush\Library\PackageCache\com.unity.xr.oculus@1.9.1\Runtime\OculusLoader.cs:234 

(Filename: Library/PackageCache/com.unity.xr.oculus@1.9.1/Runtime/OculusLoader.cs Line: 249)

Mono: successfully reloaded assembly
- Completed reload, in  3.087 seconds
Platform modules already initialized, skipping
Shader 'Universal Render Pipeline/Particles/Lit': fallback shader 'Universal Render Pipeline/Particles/SimpleLit' not found
Refreshing native plugins compatible for Editor in 1.24 ms, found 5 plugins.
Preloading 1 native plugins for Editor in 0.28 ms.
Unloading 3309 Unused Serialized files (Serialized files now loaded: 0)
System memory in use before: 149.1 MB.
System memory in use after: 148.7 MB.

Unloading 33 unused Assets to reduce memory usage. Loaded Objects now: 3859.
Total: 5.342800 ms (FindLiveObjects: 0.509400 ms CreateObjectMapping: 0.254100 ms MarkObjects: 4.097400 ms  DeleteObjects: 0.480200 ms)

========================================================================
Received Prepare
Registering precompiled user dll's ...
Registered in 0.071993 seconds.
Begin MonoManager ReloadAssembly
Native extension for WindowsStandalone target not found
Native extension for WebGL target not found
Refreshing native plugins compatible for Editor in 1.87 ms, found 5 plugins.
Preloading 1 native plugins for Editor in 0.36 ms.
NullReferenceException: Object reference not set to an instance of an object
  at Unity.XR.Oculus.OculusLoader.AssetPathToAbsolutePath (System.String assetPath) [0x00048] in C:\Users\user\OneDrive\문서\GitHub\Rowing_Rush\RowingRush\Library\PackageCache\com.unity.xr.oculus@1.9.1\Runtime\OculusLoader.cs:249 
  at Unity.XR.Oculus.OculusLoader.EditorLoadOVRPlugin () [0x0007b] in C:\Users\user\OneDrive\문서\GitHub\Rowing_Rush\RowingRush\Library\PackageCache\com.unity.xr.oculus@1.9.1\Runtime\OculusLoader.cs:234 

(Filename: Library/PackageCache/com.unity.xr.oculus@1.9.1/Runtime/OculusLoader.cs Line: 249)

Mono: successfully reloaded assembly
- Completed reload, in  3.248 seconds
Platform modules already initialized, skipping
Shader 'Universal Render Pipeline/Particles/Lit': fallback shader 'Universal Render Pipeline/Particles/SimpleLit' not found
Refreshing native plugins compatible for Editor in 1.76 ms, found 5 plugins.
Preloading 1 native plugins for Editor in 0.38 ms.
Unloading 3309 Unused Serialized files (Serialized files now loaded: 0)
System memory in use before: 149.2 MB.
System memory in use after: 148.7 MB.

Unloading 33 unused Assets to reduce memory usage. Loaded Objects now: 3862.
Total: 5.821700 ms (FindLiveObjects: 0.501400 ms CreateObjectMapping: 0.293300 ms MarkObjects: 4.386600 ms  DeleteObjects: 0.638000 ms)

========================================================================
Received Prepare
Registering precompiled user dll's ...
Registered in 0.038704 seconds.
Begin MonoManager ReloadAssembly
Native extension for WindowsStandalone target not found
Native extension for WebGL target not found
Refreshing native plugins compatible for Editor in 1.14 ms, found 5 plugins.
Preloading 1 native plugins for Editor in 0.34 ms.
NullReferenceException: Object reference not set to an instance of an object
  at Unity.XR.Oculus.OculusLoader.AssetPathToAbsolutePath (System.String assetPath) [0x00048] in C:\Users\user\OneDrive\문서\GitHub\Rowing_Rush\RowingRush\Library\PackageCache\com.unity.xr.oculus@1.9.1\Runtime\OculusLoader.cs:249 
  at Unity.XR.Oculus.OculusLoader.EditorLoadOVRPlugin () [0x0007b] in C:\Users\user\OneDrive\문서\GitHub\Rowing_Rush\RowingRush\Library\PackageCache\com.unity.xr.oculus@1.9.1\Runtime\OculusLoader.cs:234 

(Filename: Library/PackageCache/com.unity.xr.oculus@1.9.1/Runtime/OculusLoader.cs Line: 249)

Mono: successfully reloaded assembly
- Completed reload, in  3.291 seconds
Platform modules already initialized, skipping
Shader 'Universal Render Pipeline/Particles/Lit': fallback shader 'Universal Render Pipeline/Particles/SimpleLit' not found
Refreshing native plugins compatible for Editor in 1.48 ms, found 5 plugins.
Preloading 1 native plugins for Editor in 0.29 ms.
Unloading 3309 Unused Serialized files (Serialized files now loaded: 0)
System memory in use before: 149.2 MB.
System memory in use after: 148.8 MB.

Unloading 33 unused Assets to reduce memory usage. Loaded Objects now: 3865.
Total: 4.618400 ms (FindLiveObjects: 0.480300 ms CreateObjectMapping: 0.256900 ms MarkObjects: 3.437400 ms  DeleteObjects: 0.441900 ms)

AssetImportWorkerClient::OnTransportError - code=2 error=End of file
